<?xml version="1.0" encoding="UTF-8" standalone="no"?>
<!DOCTYPE log SYSTEM "logger.dtd">
<log>
<record>
  <date>2019-09-23T20:53:38.872-0300</date>
  <logger>MARIANA VICTORIA SOUZA COIMBRA</logger>
  <level>FINE</level>
  <message>File 118210644-MARIANA VICTORIA SOUZA COIMBRA.zip was received. It was sent by MARIANA VICTORIA SOUZA COIMBRA from IP 192.168.0.2 at 23-09-2019 20*53*38</message>
</record>
</log>
<?xml version="1.0" encoding="UTF-8" standalone="no"?>
<!DOCTYPE log SYSTEM "logger.dtd">
<log>
<record>
  <date>2019-09-25T14:10:02.541-0300</date>
  <logger>MARIANA VICTORIA SOUZA COIMBRA</logger>
  <level>FINE</level>
  <message>File 118210644-MARIANA VICTORIA SOUZA COIMBRA.zip was received. It was sent by MARIANA VICTORIA SOUZA COIMBRA from IP 192.168.0.18 at 25-09-2019 14*10*02</message>
</record>
</log>
<?xml version="1.0" encoding="UTF-8" standalone="no"?>
<!DOCTYPE log SYSTEM "logger.dtd">
<log>
<record>
  <date>2019-09-25T14:59:57.359-0300</date>
  <logger>MARIANA VICTORIA SOUZA COIMBRA</logger>
  <level>FINE</level>
  <message>File 118210644-MARIANA VICTORIA SOUZA COIMBRA.zip was received. It was sent by MARIANA VICTORIA SOUZA COIMBRA from IP 192.168.0.18 at 25-09-2019 14*59*57</message>
</record>
</log>
<?xml version="1.0" encoding="UTF-8" standalone="no"?>
<!DOCTYPE log SYSTEM "logger.dtd">
<log>
<record>
  <date>2019-09-25T15:00:36.409-0300</date>
  <logger>MARIANA VICTORIA SOUZA COIMBRA</logger>
  <level>FINE</level>
  <message>File 118210644-MARIANA VICTORIA SOUZA COIMBRA.zip was received. It was sent by MARIANA VICTORIA SOUZA COIMBRA from IP 192.168.0.18 at 25-09-2019 15*00*36</message>
</record>
</log>
<?xml version="1.0" encoding="UTF-8" standalone="no"?>
<!DOCTYPE log SYSTEM "logger.dtd">
<log>
<record>
  <date>2019-09-25T15:10:20.560-0300</date>
  <logger>MARIANA VICTORIA SOUZA COIMBRA</logger>
  <level>FINE</level>
  <message>File 118210644-MARIANA VICTORIA SOUZA COIMBRA.zip was received. It was sent by MARIANA VICTORIA SOUZA COIMBRA from IP 192.168.0.18 at 25-09-2019 15*10*20</message>
</record>
